go: downloading github.com/sagikazarmark/locafero v0.4.0
go: downloading github.com/stretchr/testify v1.9.0
go: downloading github.com/gin-contrib/gzip v0.0.6
go: downloading github.com/dhui/dktest v0.4.3
go: downloading github.com/google/go-cmp v0.6.0
go: downloading golang.org/x/exp v0.0.0-20230905200255-921286631fa9
go: downloading github.com/frankban/quicktest v1.14.6
go: downloading github.com/docker/docker v27.2.0+incompatible
go: downloading github.com/davecgh/go-spew v1.1.2-0.20180830191138-d8f796af33cc
go: downloading gopkg.in/check.v1 v1.0.0-20201130134442-10cb98267c6c
go: downloading github.com/go-playground/assert/v2 v2.2.0
go: downloading golang.org/x/mod v0.21.0
go: downloading github.com/sourcegraph/conc v0.3.0
go: downloading github.com/kr/pretty v0.3.1
go: downloading github.com/pmezard/go-difflib v1.0.1-0.20181226105442-5d4384ee4fb2
go: downloading golang.org/x/sync v0.8.0
go: downloading github.com/kr/text v0.2.0
go: downloading github.com/rogpeppe/go-internal v1.12.0
go: downloading go.uber.org/multierr v1.9.0
go: downloading github.com/docker/go-connections v0.5.0
go: downloading github.com/opencontainers/image-spec v1.1.0
go: downloading github.com/opencontainers/go-digest v1.0.0
go: downloading github.com/docker/go-units v0.5.0
go: downloading github.com/moby/docker-image-spec v1.3.1
go: downloading github.com/morikuni/aec v1.0.0
go: downloading github.com/moby/term v0.5.0
go: downloading github.com/pkg/errors v0.9.1
go: downloading github.com/distribution/reference v0.6.0
go: downloading go.opentelemetry.io/contrib/instrumentation/net/http/otelhttp v0.54.0
go: downloading go.opentelemetry.io/otel/trace v1.29.0
go: downloading github.com/Microsoft/go-winio v0.6.2
go: downloading github.com/gogo/protobuf v1.3.2
go: downloading github.com/Azure/go-ansiterm v0.0.0-20230124172434-306776ec8161
go: downloading go.opentelemetry.io/otel v1.29.0
go: downloading github.com/felixge/httpsnoop v1.0.4
go: downloading go.opentelemetry.io/otel/metric v1.29.0
go: downloading github.com/go-logr/stdr v1.2.2
go: downloading github.com/go-logr/logr v1.4.2
